[debug] [2023-08-06T15:06:40.502Z] ----------------------------------------------------------------------
[debug] [2023-08-06T15:06:40.504Z] Command:       C:\Program Files\nodejs\node.exe C:\Users\55219\AppData\Roaming\npm\node_modules\firebase-tools\lib\bin\firebase.js emulators:start
[debug] [2023-08-06T15:06:40.504Z] CLI Version:   12.4.7
[debug] [2023-08-06T15:06:40.504Z] Platform:      win32
[debug] [2023-08-06T15:06:40.505Z] Node Version:  v18.13.0
[debug] [2023-08-06T15:06:40.506Z] Time:          Sun Aug 06 2023 12:06:40 GMT-0300 (Horário Padrão de Brasília)
[debug] [2023-08-06T15:06:40.506Z] ----------------------------------------------------------------------
[debug] 
[debug] [2023-08-06T15:06:40.636Z] > command requires scopes: ["email","openid","https://www.googleapis.com/auth/cloudplatformprojects.readonly","https://www.googleapis.com/auth/firebase","https://www.googleapis.com/auth/cloud-platform"]
[debug] [2023-08-06T15:06:40.636Z] > authorizing via signed-in user (entretenimentosexual@gmail.com)
[info] i  emulators: Starting emulators: functions {"metadata":{"emulator":{"name":"hub"},"message":"Starting emulators: functions"}}
[debug] [2023-08-06T15:06:40.676Z] [logging] Logging Emulator only supports listening on one address (127.0.0.1). Not listening on ::1
[debug] [2023-08-06T15:06:40.676Z] assigned listening specs for emulators {"user":{"hub":[{"address":"127.0.0.1","family":"IPv4","port":4400},{"address":"::1","family":"IPv6","port":4400}],"ui":[{"address":"127.0.0.1","family":"IPv4","port":4000},{"address":"::1","family":"IPv6","port":4000}],"logging":[{"address":"127.0.0.1","family":"IPv4","port":4500}]},"metadata":{"message":"assigned listening specs for emulators"}}
[debug] [2023-08-06T15:06:40.732Z] [hub] writing locator at C:\Users\55219\AppData\Local\Temp\hub-entretenimento-sexual.json
[debug] [2023-08-06T15:06:40.752Z] [functions] Functions Emulator only supports listening on one address (127.0.0.1). Not listening on ::1
[debug] [2023-08-06T15:06:40.753Z] [eventarc] Eventarc Emulator only supports listening on one address (127.0.0.1). Not listening on ::1
[debug] [2023-08-06T15:06:40.753Z] late-assigned ports for functions and eventarc emulators {"user":{"hub":[{"address":"127.0.0.1","family":"IPv4","port":4400},{"address":"::1","family":"IPv6","port":4400}],"ui":[{"address":"127.0.0.1","family":"IPv4","port":4000},{"address":"::1","family":"IPv6","port":4000}],"logging":[{"address":"127.0.0.1","family":"IPv4","port":4500}],"functions":[{"address":"127.0.0.1","family":"IPv4","port":5001}],"eventarc":[{"address":"127.0.0.1","family":"IPv4","port":9299}]},"metadata":{"message":"late-assigned ports for functions and eventarc emulators"}}
[warn] !  functions: The following emulators are not running, calls to these services from the Functions emulator will affect production: auth, firestore, database, hosting, pubsub, storage {"metadata":{"emulator":{"name":"functions"},"message":"The following emulators are not running, calls to these services from the Functions emulator will affect production: \u001b[1mauth, firestore, database, hosting, pubsub, storage\u001b[22m"}}
[debug] [2023-08-06T15:06:40.770Z] defaultcredentials: writing to file C:\Users\55219\AppData\Roaming\firebase\entretenimentosexual_gmail_com_application_default_credentials.json
[debug] [2023-08-06T15:06:40.773Z] Setting GAC to C:\Users\55219\AppData\Roaming\firebase\entretenimentosexual_gmail_com_application_default_credentials.json {"metadata":{"emulator":{"name":"functions"},"message":"Setting GAC to C:\\Users\\55219\\AppData\\Roaming\\firebase\\entretenimentosexual_gmail_com_application_default_credentials.json"}}
[debug] [2023-08-06T15:06:40.774Z] >>> [apiv2][query] GET https://firebase.googleapis.com/v1beta1/projects/entretenimento-sexual/adminSdkConfig [none]
[debug] [2023-08-06T15:06:41.203Z] <<< [apiv2][status] GET https://firebase.googleapis.com/v1beta1/projects/entretenimento-sexual/adminSdkConfig 200
[debug] [2023-08-06T15:06:41.203Z] <<< [apiv2][body] GET https://firebase.googleapis.com/v1beta1/projects/entretenimento-sexual/adminSdkConfig {"projectId":"entretenimento-sexual","databaseURL":"https://entretenimento-sexual-default-rtdb.firebaseio.com","storageBucket":"entretenimento-sexual.appspot.com"}
[info] i  ui: downloading ui-v1.11.7.zip... {"metadata":{"emulator":{"name":"ui"},"message":"downloading ui-v1.11.7.zip..."}}
[debug] [2023-08-06T15:06:41.299Z] >>> [apiv2][query] GET https://storage.googleapis.com/firebase-preview-drop/emulator/ui-v1.11.7.zip 
[debug] [2023-08-06T15:06:41.429Z] <<< [apiv2][status] GET https://storage.googleapis.com/firebase-preview-drop/emulator/ui-v1.11.7.zip 200
[debug] [2023-08-06T15:06:41.429Z] <<< [apiv2][body] GET https://storage.googleapis.com/firebase-preview-drop/emulator/ui-v1.11.7.zip [stream]
[debug] [2023-08-06T15:06:42.100Z] Data is 3064105
[debug] [2023-08-06T15:06:42.101Z] [unzip] Entry: client/ (compressed_size=0 bytes, uncompressed_size=0 bytes)
[debug] [2023-08-06T15:06:42.101Z] [unzip] Processing entry: client\
[debug] [2023-08-06T15:06:42.101Z] [unzip] mkdir: C:\Users\55219\.cache\firebase\emulators\ui-v1.11.7\client\
[debug] [2023-08-06T15:06:42.101Z] [unzip] Entry: client/favicon.ico (compressed_size=2497 bytes, uncompressed_size=7406 bytes)
[debug] [2023-08-06T15:06:42.101Z] [unzip] Processing entry: client\favicon.ico
[debug] [2023-08-06T15:06:42.101Z] [unzip] else mkdir: C:\Users\55219\.cache\firebase\emulators\ui-v1.11.7\client
[debug] [2023-08-06T15:06:42.102Z] [unzip] deflating: C:\Users\55219\.cache\firebase\emulators\ui-v1.11.7\client\favicon.ico
[debug] [2023-08-06T15:06:42.104Z] [unzip] Entry: client/apple-touch-icon.png (compressed_size=7231 bytes, uncompressed_size=7367 bytes)
[debug] [2023-08-06T15:06:42.104Z] [unzip] Processing entry: client\apple-touch-icon.png
[debug] [2023-08-06T15:06:42.104Z] [unzip] else mkdir: C:\Users\55219\.cache\firebase\emulators\ui-v1.11.7\client
[debug] [2023-08-06T15:06:42.105Z] [unzip] deflating: C:\Users\55219\.cache\firebase\emulators\ui-v1.11.7\client\apple-touch-icon.png
[debug] [2023-08-06T15:06:42.105Z] [unzip] Entry: client/android-chrome-512x512.png (compressed_size=16987 bytes, uncompressed_size=18186 bytes)
[debug] [2023-08-06T15:06:42.106Z] [unzip] Processing entry: client\android-chrome-512x512.png
[debug] [2023-08-06T15:06:42.106Z] [unzip] else mkdir: C:\Users\55219\.cache\firebase\emulators\ui-v1.11.7\client
[debug] [2023-08-06T15:06:42.106Z] [unzip] deflating: C:\Users\55219\.cache\firebase\emulators\ui-v1.11.7\client\android-chrome-512x512.png
[debug] [2023-08-06T15:06:42.107Z] [unzip] Entry: client/assets/ (compressed_size=0 bytes, uncompressed_size=0 bytes)
[debug] [2023-08-06T15:06:42.107Z] [unzip] Processing entry: client\assets\
[debug] [2023-08-06T15:06:42.107Z] [unzip] mkdir: C:\Users\55219\.cache\firebase\emulators\ui-v1.11.7\client\assets\
[debug] [2023-08-06T15:06:42.155Z] [unzip] Entry: client/assets/extensions/ (compressed_size=0 bytes, uncompressed_size=0 bytes)
[debug] [2023-08-06T15:06:42.156Z] [unzip] Processing entry: client\assets\extensions\
[debug] [2023-08-06T15:06:42.156Z] [unzip] mkdir: C:\Users\55219\.cache\firebase\emulators\ui-v1.11.7\client\assets\extensions\
[debug] [2023-08-06T15:06:42.156Z] [unzip] Entry: client/assets/extensions/default-extension.png (compressed_size=1646 bytes, uncompressed_size=1657 bytes)
[debug] [2023-08-06T15:06:42.157Z] [unzip] Processing entry: client\assets\extensions\default-extension.png
[debug] [2023-08-06T15:06:42.157Z] [unzip] else mkdir: C:\Users\55219\.cache\firebase\emulators\ui-v1.11.7\client\assets\extensions
[debug] [2023-08-06T15:06:42.158Z] [unzip] deflating: C:\Users\55219\.cache\firebase\emulators\ui-v1.11.7\client\assets\extensions\default-extension.png
[debug] [2023-08-06T15:06:42.160Z] [unzip] Entry: client/assets/index.58ca09f7.css (compressed_size=37601 bytes, uncompressed_size=321252 bytes)
[debug] [2023-08-06T15:06:42.161Z] [unzip] Processing entry: client\assets\index.58ca09f7.css
[debug] [2023-08-06T15:06:42.161Z] [unzip] else mkdir: C:\Users\55219\.cache\firebase\emulators\ui-v1.11.7\client\assets
[debug] [2023-08-06T15:06:42.162Z] [unzip] deflating: C:\Users\55219\.cache\firebase\emulators\ui-v1.11.7\client\assets\index.58ca09f7.css
[debug] [2023-08-06T15:06:42.168Z] [unzip] Entry: client/assets/index.c2583d42.js (compressed_size=526232 bytes, uncompressed_size=1860152 bytes)
[debug] [2023-08-06T15:06:42.168Z] [unzip] Processing entry: client\assets\index.c2583d42.js
[debug] [2023-08-06T15:06:42.168Z] [unzip] else mkdir: C:\Users\55219\.cache\firebase\emulators\ui-v1.11.7\client\assets
[debug] [2023-08-06T15:06:42.169Z] [unzip] deflating: C:\Users\55219\.cache\firebase\emulators\ui-v1.11.7\client\assets\index.c2583d42.js
[debug] [2023-08-06T15:06:42.189Z] [unzip] Entry: client/assets/provider-icons/ (compressed_size=0 bytes, uncompressed_size=0 bytes)
[debug] [2023-08-06T15:06:42.189Z] [unzip] Processing entry: client\assets\provider-icons\
[debug] [2023-08-06T15:06:42.189Z] [unzip] mkdir: C:\Users\55219\.cache\firebase\emulators\ui-v1.11.7\client\assets\provider-icons\
[debug] [2023-08-06T15:06:42.189Z] [unzip] Entry: client/assets/provider-icons/auth_service_oidc.svg (compressed_size=414 bytes, uncompressed_size=858 bytes)
[debug] [2023-08-06T15:06:42.190Z] [unzip] Processing entry: client\assets\provider-icons\auth_service_oidc.svg
[debug] [2023-08-06T15:06:42.190Z] [unzip] else mkdir: C:\Users\55219\.cache\firebase\emulators\ui-v1.11.7\client\assets\provider-icons
[debug] [2023-08-06T15:06:42.190Z] [unzip] deflating: C:\Users\55219\.cache\firebase\emulators\ui-v1.11.7\client\assets\provider-icons\auth_service_oidc.svg
[debug] [2023-08-06T15:06:42.191Z] [unzip] Entry: client/assets/provider-icons/auth_service_yahoo.svg (compressed_size=577 bytes, uncompressed_size=1182 bytes)
[debug] [2023-08-06T15:06:42.191Z] [unzip] Processing entry: client\assets\provider-icons\auth_service_yahoo.svg
[debug] [2023-08-06T15:06:42.191Z] [unzip] else mkdir: C:\Users\55219\.cache\firebase\emulators\ui-v1.11.7\client\assets\provider-icons
[debug] [2023-08-06T15:06:42.191Z] [unzip] deflating: C:\Users\55219\.cache\firebase\emulators\ui-v1.11.7\client\assets\provider-icons\auth_service_yahoo.svg
[debug] [2023-08-06T15:06:42.192Z] [unzip] Entry: client/assets/provider-icons/auth_service_phone.svg (compressed_size=261 bytes, uncompressed_size=414 bytes)
[debug] [2023-08-06T15:06:42.192Z] [unzip] Processing entry: client\assets\provider-icons\auth_service_phone.svg
[debug] [2023-08-06T15:06:42.192Z] [unzip] else mkdir: C:\Users\55219\.cache\firebase\emulators\ui-v1.11.7\client\assets\provider-icons
[debug] [2023-08-06T15:06:42.192Z] [unzip] deflating: C:\Users\55219\.cache\firebase\emulators\ui-v1.11.7\client\assets\provider-icons\auth_service_phone.svg
[debug] [2023-08-06T15:06:42.196Z] [unzip] Entry: client/assets/provider-icons/auth_service_saml.svg (compressed_size=575 bytes, uncompressed_size=1226 bytes)
[debug] [2023-08-06T15:06:42.196Z] [unzip] Processing entry: client\assets\provider-icons\auth_service_saml.svg
[debug] [2023-08-06T15:06:42.196Z] [unzip] else mkdir: C:\Users\55219\.cache\firebase\emulators\ui-v1.11.7\client\assets\provider-icons
[debug] [2023-08-06T15:06:42.196Z] [unzip] deflating: C:\Users\55219\.cache\firebase\emulators\ui-v1.11.7\client\assets\provider-icons\auth_service_saml.svg
[debug] [2023-08-06T15:06:42.197Z] [unzip] Entry: client/assets/provider-icons/auth_service_mslive.svg (compressed_size=203 bytes, uncompressed_size=378 bytes)
[debug] [2023-08-06T15:06:42.197Z] [unzip] Processing entry: client\assets\provider-icons\auth_service_mslive.svg
[debug] [2023-08-06T15:06:42.197Z] [unzip] else mkdir: C:\Users\55219\.cache\firebase\emulators\ui-v1.11.7\client\assets\provider-icons
[debug] [2023-08-06T15:06:42.197Z] [unzip] deflating: C:\Users\55219\.cache\firebase\emulators\ui-v1.11.7\client\assets\provider-icons\auth_service_mslive.svg
[debug] [2023-08-06T15:06:42.198Z] [unzip] Entry: client/assets/provider-icons/auth_service_facebook.svg (compressed_size=289 bytes, uncompressed_size=457 bytes)
[debug] [2023-08-06T15:06:42.198Z] [unzip] Processing entry: client\assets\provider-icons\auth_service_facebook.svg
[debug] [2023-08-06T15:06:42.198Z] [unzip] else mkdir: C:\Users\55219\.cache\firebase\emulators\ui-v1.11.7\client\assets\provider-icons
[debug] [2023-08-06T15:06:42.199Z] [unzip] deflating: C:\Users\55219\.cache\firebase\emulators\ui-v1.11.7\client\assets\provider-icons\auth_service_facebook.svg
[debug] [2023-08-06T15:06:42.200Z] [unzip] Entry: client/assets/provider-icons/auth_service_play_games.svg (compressed_size=565 bytes, uncompressed_size=1173 bytes)
[debug] [2023-08-06T15:06:42.200Z] [unzip] Processing entry: client\assets\provider-icons\auth_service_play_games.svg
[debug] [2023-08-06T15:06:42.200Z] [unzip] else mkdir: C:\Users\55219\.cache\firebase\emulators\ui-v1.11.7\client\assets\provider-icons
[debug] [2023-08-06T15:06:42.200Z] [unzip] deflating: C:\Users\55219\.cache\firebase\emulators\ui-v1.11.7\client\assets\provider-icons\auth_service_play_games.svg
[debug] [2023-08-06T15:06:42.201Z] [unzip] Entry: client/assets/provider-icons/auth_service_github.svg (compressed_size=466 bytes, uncompressed_size=838 bytes)
[debug] [2023-08-06T15:06:42.201Z] [unzip] Processing entry: client\assets\provider-icons\auth_service_github.svg
[debug] [2023-08-06T15:06:42.201Z] [unzip] else mkdir: C:\Users\55219\.cache\firebase\emulators\ui-v1.11.7\client\assets\provider-icons
[debug] [2023-08-06T15:06:42.202Z] [unzip] deflating: C:\Users\55219\.cache\firebase\emulators\ui-v1.11.7\client\assets\provider-icons\auth_service_github.svg
[debug] [2023-08-06T15:06:42.203Z] [unzip] Entry: client/assets/provider-icons/auth_service_apple.svg (compressed_size=230 bytes, uncompressed_size=334 bytes)
[debug] [2023-08-06T15:06:42.203Z] [unzip] Processing entry: client\assets\provider-icons\auth_service_apple.svg
[debug] [2023-08-06T15:06:42.203Z] [unzip] else mkdir: C:\Users\55219\.cache\firebase\emulators\ui-v1.11.7\client\assets\provider-icons
[debug] [2023-08-06T15:06:42.203Z] [unzip] deflating: C:\Users\55219\.cache\firebase\emulators\ui-v1.11.7\client\assets\provider-icons\auth_service_apple.svg
[debug] [2023-08-06T15:06:42.205Z] [unzip] Entry: client/assets/provider-icons/auth_service_google.svg (compressed_size=409 bytes, uncompressed_size=720 bytes)
[debug] [2023-08-06T15:06:42.205Z] [unzip] Processing entry: client\assets\provider-icons\auth_service_google.svg
[debug] [2023-08-06T15:06:42.205Z] [unzip] else mkdir: C:\Users\55219\.cache\firebase\emulators\ui-v1.11.7\client\assets\provider-icons
[debug] [2023-08-06T15:06:42.205Z] [unzip] deflating: C:\Users\55219\.cache\firebase\emulators\ui-v1.11.7\client\assets\provider-icons\auth_service_google.svg
[debug] [2023-08-06T15:06:42.207Z] [unzip] Entry: client/assets/provider-icons/auth_service_email.svg (compressed_size=228 bytes, uncompressed_size=326 bytes)
[debug] [2023-08-06T15:06:42.208Z] [unzip] Processing entry: client\assets\provider-icons\auth_service_email.svg
[debug] [2023-08-06T15:06:42.208Z] [unzip] else mkdir: C:\Users\55219\.cache\firebase\emulators\ui-v1.11.7\client\assets\provider-icons
[debug] [2023-08-06T15:06:42.233Z] [unzip] deflating: C:\Users\55219\.cache\firebase\emulators\ui-v1.11.7\client\assets\provider-icons\auth_service_email.svg
[debug] [2023-08-06T15:06:42.234Z] [unzip] Entry: client/assets/provider-icons/auth_service_twitter.svg (compressed_size=444 bytes, uncompressed_size=751 bytes)
[debug] [2023-08-06T15:06:42.234Z] [unzip] Processing entry: client\assets\provider-icons\auth_service_twitter.svg
[debug] [2023-08-06T15:06:42.235Z] [unzip] else mkdir: C:\Users\55219\.cache\firebase\emulators\ui-v1.11.7\client\assets\provider-icons
[debug] [2023-08-06T15:06:42.235Z] [unzip] deflating: C:\Users\55219\.cache\firebase\emulators\ui-v1.11.7\client\assets\provider-icons\auth_service_twitter.svg
[debug] [2023-08-06T15:06:42.236Z] [unzip] Entry: client/assets/provider-icons/auth_service_game_center.svg (compressed_size=991 bytes, uncompressed_size=3921 bytes)
[debug] [2023-08-06T15:06:42.236Z] [unzip] Processing entry: client\assets\provider-icons\auth_service_game_center.svg
[debug] [2023-08-06T15:06:42.236Z] [unzip] else mkdir: C:\Users\55219\.cache\firebase\emulators\ui-v1.11.7\client\assets\provider-icons
[debug] [2023-08-06T15:06:42.236Z] [unzip] deflating: C:\Users\55219\.cache\firebase\emulators\ui-v1.11.7\client\assets\provider-icons\auth_service_game_center.svg
[debug] [2023-08-06T15:06:42.237Z] [unzip] Entry: client/assets/index.c2583d42.js.map (compressed_size=1778557 bytes, uncompressed_size=7961927 bytes)
[debug] [2023-08-06T15:06:42.237Z] [unzip] Processing entry: client\assets\index.c2583d42.js.map
[debug] [2023-08-06T15:06:42.237Z] [unzip] else mkdir: C:\Users\55219\.cache\firebase\emulators\ui-v1.11.7\client\assets
[debug] [2023-08-06T15:06:42.238Z] [unzip] deflating: C:\Users\55219\.cache\firebase\emulators\ui-v1.11.7\client\assets\index.c2583d42.js.map
[debug] [2023-08-06T15:06:42.267Z] [unzip] Entry: client/assets/img/ (compressed_size=0 bytes, uncompressed_size=0 bytes)
[debug] [2023-08-06T15:06:42.267Z] [unzip] Processing entry: client\assets\img\
[debug] [2023-08-06T15:06:42.267Z] [unzip] mkdir: C:\Users\55219\.cache\firebase\emulators\ui-v1.11.7\client\assets\img\
[debug] [2023-08-06T15:06:42.268Z] [unzip] Entry: client/assets/img/database.png (compressed_size=29449 bytes, uncompressed_size=29988 bytes)
[debug] [2023-08-06T15:06:42.268Z] [unzip] Processing entry: client\assets\img\database.png
[debug] [2023-08-06T15:06:42.268Z] [unzip] else mkdir: C:\Users\55219\.cache\firebase\emulators\ui-v1.11.7\client\assets\img
[debug] [2023-08-06T15:06:42.268Z] [unzip] deflating: C:\Users\55219\.cache\firebase\emulators\ui-v1.11.7\client\assets\img\database.png
[debug] [2023-08-06T15:06:42.269Z] [unzip] Entry: client/safari-pinned-tab.svg (compressed_size=838 bytes, uncompressed_size=1504 bytes)
[debug] [2023-08-06T15:06:42.269Z] [unzip] Processing entry: client\safari-pinned-tab.svg
[debug] [2023-08-06T15:06:42.269Z] [unzip] else mkdir: C:\Users\55219\.cache\firebase\emulators\ui-v1.11.7\client
[debug] [2023-08-06T15:06:42.269Z] [unzip] deflating: C:\Users\55219\.cache\firebase\emulators\ui-v1.11.7\client\safari-pinned-tab.svg
[debug] [2023-08-06T15:06:42.269Z] [unzip] Entry: client/mstile-150x150.png (compressed_size=5406 bytes, uncompressed_size=5723 bytes)
[debug] [2023-08-06T15:06:42.270Z] [unzip] Processing entry: client\mstile-150x150.png
[debug] [2023-08-06T15:06:42.270Z] [unzip] else mkdir: C:\Users\55219\.cache\firebase\emulators\ui-v1.11.7\client
[debug] [2023-08-06T15:06:42.270Z] [unzip] deflating: C:\Users\55219\.cache\firebase\emulators\ui-v1.11.7\client\mstile-150x150.png
[debug] [2023-08-06T15:06:42.270Z] [unzip] Entry: client/browserconfig.xml (compressed_size=491 bytes, uncompressed_size=822 bytes)
[debug] [2023-08-06T15:06:42.270Z] [unzip] Processing entry: client\browserconfig.xml
[debug] [2023-08-06T15:06:42.270Z] [unzip] else mkdir: C:\Users\55219\.cache\firebase\emulators\ui-v1.11.7\client
[debug] [2023-08-06T15:06:42.271Z] [unzip] deflating: C:\Users\55219\.cache\firebase\emulators\ui-v1.11.7\client\browserconfig.xml
[debug] [2023-08-06T15:06:42.271Z] [unzip] Entry: client/robots.txt (compressed_size=26 bytes, uncompressed_size=26 bytes)
[debug] [2023-08-06T15:06:42.271Z] [unzip] Processing entry: client\robots.txt
[debug] [2023-08-06T15:06:42.271Z] [unzip] else mkdir: C:\Users\55219\.cache\firebase\emulators\ui-v1.11.7\client
[debug] [2023-08-06T15:06:42.271Z] [unzip] Writing file: C:\Users\55219\.cache\firebase\emulators\ui-v1.11.7\client\robots.txt
[debug] [2023-08-06T15:06:42.272Z] [unzip] Entry: client/index.html (compressed_size=1363 bytes, uncompressed_size=3064 bytes)
[debug] [2023-08-06T15:06:42.272Z] [unzip] Processing entry: client\index.html
[debug] [2023-08-06T15:06:42.272Z] [unzip] else mkdir: C:\Users\55219\.cache\firebase\emulators\ui-v1.11.7\client
[debug] [2023-08-06T15:06:42.272Z] [unzip] deflating: C:\Users\55219\.cache\firebase\emulators\ui-v1.11.7\client\index.html
[debug] [2023-08-06T15:06:42.273Z] [unzip] Entry: client/favicon-16x16.png (compressed_size=757 bytes, uncompressed_size=777 bytes)
[debug] [2023-08-06T15:06:42.273Z] [unzip] Processing entry: client\favicon-16x16.png
[debug] [2023-08-06T15:06:42.273Z] [unzip] else mkdir: C:\Users\55219\.cache\firebase\emulators\ui-v1.11.7\client
[debug] [2023-08-06T15:06:42.273Z] [unzip] deflating: C:\Users\55219\.cache\firebase\emulators\ui-v1.11.7\client\favicon-16x16.png
[debug] [2023-08-06T15:06:42.274Z] [unzip] Entry: client/manifest.json (compressed_size=246 bytes, uncompressed_size=551 bytes)
[debug] [2023-08-06T15:06:42.274Z] [unzip] Processing entry: client\manifest.json
[debug] [2023-08-06T15:06:42.274Z] [unzip] else mkdir: C:\Users\55219\.cache\firebase\emulators\ui-v1.11.7\client
[debug] [2023-08-06T15:06:42.274Z] [unzip] deflating: C:\Users\55219\.cache\firebase\emulators\ui-v1.11.7\client\manifest.json
[debug] [2023-08-06T15:06:42.274Z] [unzip] Entry: client/favicon-32x32.png (compressed_size=1175 bytes, uncompressed_size=1175 bytes)
[debug] [2023-08-06T15:06:42.274Z] [unzip] Processing entry: client\favicon-32x32.png
[debug] [2023-08-06T15:06:42.274Z] [unzip] else mkdir: C:\Users\55219\.cache\firebase\emulators\ui-v1.11.7\client
[debug] [2023-08-06T15:06:42.275Z] [unzip] Writing file: C:\Users\55219\.cache\firebase\emulators\ui-v1.11.7\client\favicon-32x32.png
[debug] [2023-08-06T15:06:42.275Z] [unzip] Entry: client/android-chrome-192x192.png (compressed_size=7602 bytes, uncompressed_size=7834 bytes)
[debug] [2023-08-06T15:06:42.275Z] [unzip] Processing entry: client\android-chrome-192x192.png
[debug] [2023-08-06T15:06:42.275Z] [unzip] else mkdir: C:\Users\55219\.cache\firebase\emulators\ui-v1.11.7\client
[debug] [2023-08-06T15:06:42.275Z] [unzip] deflating: C:\Users\55219\.cache\firebase\emulators\ui-v1.11.7\client\android-chrome-192x192.png
[debug] [2023-08-06T15:06:42.276Z] [unzip] Entry: server/ (compressed_size=0 bytes, uncompressed_size=0 bytes)
[debug] [2023-08-06T15:06:42.276Z] [unzip] Processing entry: server\
[debug] [2023-08-06T15:06:42.276Z] [unzip] mkdir: C:\Users\55219\.cache\firebase\emulators\ui-v1.11.7\server\
[debug] [2023-08-06T15:06:42.276Z] [unzip] Entry: server/server.js (compressed_size=343746 bytes, uncompressed_size=1346374 bytes)
[debug] [2023-08-06T15:06:42.276Z] [unzip] Processing entry: server\server.js
[debug] [2023-08-06T15:06:42.276Z] [unzip] else mkdir: C:\Users\55219\.cache\firebase\emulators\ui-v1.11.7\server
[debug] [2023-08-06T15:06:42.276Z] [unzip] deflating: C:\Users\55219\.cache\firebase\emulators\ui-v1.11.7\server\server.js
[debug] [2023-08-06T15:06:42.282Z] [unzip] Entry: server/server.js.map (compressed_size=289157 bytes, uncompressed_size=1325651 bytes)
[debug] [2023-08-06T15:06:42.282Z] [unzip] Processing entry: server\server.js.map
[debug] [2023-08-06T15:06:42.282Z] [unzip] else mkdir: C:\Users\55219\.cache\firebase\emulators\ui-v1.11.7\server
[debug] [2023-08-06T15:06:42.283Z] [unzip] deflating: C:\Users\55219\.cache\firebase\emulators\ui-v1.11.7\server\server.js.map
[debug] [2023-08-06T15:06:42.288Z] Ignoring unsupported arg: auto_download {"metadata":{"emulator":{"name":"ui"},"message":"Ignoring unsupported arg: auto_download"}}
[debug] [2023-08-06T15:06:42.288Z] Ignoring unsupported arg: port {"metadata":{"emulator":{"name":"ui"},"message":"Ignoring unsupported arg: port"}}
[debug] [2023-08-06T15:06:42.288Z] Starting Emulator UI with command {"binary":"node","args":["C:\\Users\\55219\\.cache\\firebase\\emulators\\ui-v1.11.7\\server\\server.js"],"optionalArgs":[],"joinArgs":false} {"metadata":{"emulator":{"name":"ui"},"message":"Starting Emulator UI with command {\"binary\":\"node\",\"args\":[\"C:\\\\Users\\\\55219\\\\.cache\\\\firebase\\\\emulators\\\\ui-v1.11.7\\\\server\\\\server.js\"],\"optionalArgs\":[],\"joinArgs\":false}"}}
[info] i  ui: Emulator UI logging to ui-debug.log {"metadata":{"emulator":{"name":"ui"},"message":"Emulator UI logging to \u001b[1mui-debug.log\u001b[22m"}}
[debug] [2023-08-06T15:06:42.408Z] Web / API server started at 127.0.0.1:4000
 {"metadata":{"emulator":{"name":"ui"},"message":"Web / API server started at 127.0.0.1:4000\n"}}
[debug] [2023-08-06T15:06:42.408Z] Web / API server started at ::1:4000
 {"metadata":{"emulator":{"name":"ui"},"message":"Web / API server started at ::1:4000\n"}}
[info] i  functions: Watching "C:\Users\55219\entretenimento\functions" for Cloud Functions... {"metadata":{"emulator":{"name":"functions"},"message":"Watching \"C:\\Users\\55219\\entretenimento\\functions\" for Cloud Functions..."}}
[debug] [2023-08-06T15:06:42.580Z] Validating nodejs source
[debug] [2023-08-06T15:06:45.159Z] > [functions] package.json contents: {
  "name": "functions",
  "scripts": {
    "lint": "eslint --ext .js,.ts .",
    "build": "tsc",
    "build:watch": "tsc --watch",
    "serve": "npm run build && firebase emulators:start --only functions",
    "shell": "npm run build && firebase functions:shell",
    "start": "npm run shell",
    "deploy": "firebase deploy --only functions",
    "logs": "firebase functions:log"
  },
  "engines": {
    "node": "18"
  },
  "main": "lib/index.js",
  "dependencies": {
    "firebase-admin": "^11.8.0",
    "firebase-functions": "^4.3.1"
  },
  "devDependencies": {
    "@typescript-eslint/eslint-plugin": "^5.12.0",
    "@typescript-eslint/parser": "^5.12.0",
    "eslint": "^8.9.0",
    "eslint-config-google": "^0.14.0",
    "eslint-plugin-import": "^2.25.4",
    "firebase-functions-test": "^3.1.0",
    "typescript": "^4.9.0"
  },
  "private": true
}
[error] !!  functions: Failed to load function definition from source: FirebaseError: There was an error reading functions\package.json:

 functions\lib\index.js does not exist, can't deploy Cloud Functions {"metadata":{"emulator":{"name":"functions"},"message":"Failed to load function definition from source: FirebaseError: There was an error reading functions\\package.json:\n\n functions\\lib\\index.js does not exist, can't deploy Cloud Functions"}}
[info] 
┌─────────────────────────────────────────────────────────────┐
│ ✔  All emulators ready! It is now safe to connect your app. │
│ i  View Emulator UI at http://127.0.0.1:4000/               │
└─────────────────────────────────────────────────────────────┘

┌───────────┬────────────────┬─────────────────────────────────┐
│ Emulator  │ Host:Port      │ View in Emulator UI             │
├───────────┼────────────────┼─────────────────────────────────┤
│ Functions │ 127.0.0.1:5001 │ http://127.0.0.1:4000/functions │
└───────────┴────────────────┴─────────────────────────────────┘
  Emulator Hub running at 127.0.0.1:4400
  Other reserved ports: 4500

Issues? Report them at https://github.com/firebase/firebase-tools/issues and attach the *-debug.log files.
 
